2015-01-23 17:20:53|   0.0|  0.0|INFORM|FME 2015.0 (20150113 - Build 15244 - macosx)
2015-01-23 17:20:53|   0.0|  0.0|INFORM|FME_HOME is '/Applications/FME 2015/Engine/'
2015-01-23 17:20:53|   0.1|  0.0|INFORM|FME Desktop Smallworld Edition (floating)
2015-01-23 17:20:53|   0.1|  0.0|INFORM|Permanent License.
2015-01-23 17:20:53|   0.1|  0.0|INFORM|Machine host name is: gimli.safe.internal
2015-01-23 17:20:53|   0.1|  0.0|INFORM|START - ProcessID: 41921, peak process memory usage: 0 kB, current process memory usage: 38756 kB
2015-01-23 17:20:53|   0.1|  0.0|INFORM|FME Configuration: Command line arguments are `/Applications/FME 2015/Engine//bin/fme' `/Users/lkerssens/Desktop/JMS/wb-xlate-1422062452821_35232' `LOG_STANDARDOUT' `YES' `LogCountServerName' `{c9eeac09-2269-4a83-bee8-109953a904e6}'
2015-01-23 17:20:53|   0.1|  0.0|INFORM|Shared folders for formats are : /Applications/FME 2015/Engine/datasources;/Users/lkerssens/Documents/MyFiles/FMEResources/Formats;/Users/lkerssens/Library/Application Support/FME/Formats
2015-01-23 17:20:53|   0.1|  0.0|INFORM|Shared folders for transformers are : /Applications/FME 2015/Engine/transformers;/Users/lkerssens/Documents/MyFiles/FMEResources/Transformers;/Users/lkerssens/Library/Caches/Safe Software/FME/FME Store/Transformers;/Users/lkerssens/Library/Application Support/FME/Transformers
2015-01-23 17:20:53|   0.1|  0.0|INFORM|Shared folders for coordinate systems are : /Users/lkerssens/Documents/MyFiles/FMEResources/CoordinateSystems;/Users/lkerssens/Library/Application Support/FME/CoordinateSystems
2015-01-23 17:20:53|   0.1|  0.0|INFORM|Shared folders for coordinate system exceptions are : /Users/lkerssens/Documents/MyFiles/FMEResources/CoordinateSystemExceptions;/Users/lkerssens/Library/Application Support/FME/CoordinateSystemExceptions
2015-01-23 17:20:53|   0.1|  0.0|INFORM|Shared folders for coordinate system grid overrides are : /Users/lkerssens/Documents/MyFiles/FMEResources/CoordinateSystemGridOverrides;/Users/lkerssens/Library/Application Support/FME/CoordinateSystemGridOverrides
2015-01-23 17:20:53|   0.1|  0.0|INFORM|Shared folders for CS-MAP transformation exceptions are : /Users/lkerssens/Documents/MyFiles/FMEResources/CsmapTransformationExceptions;/Users/lkerssens/Library/Application Support/FME/CsmapTransformationExceptions
2015-01-23 17:20:53|   0.1|  0.0|INFORM|Shared folders for transformer categories are : /Users/lkerssens/Documents/MyFiles/FMEResources/TransformerCategories;/Users/lkerssens/Library/Application Support/FME/TransformerCategories
2015-01-23 17:20:53|   0.1|  0.0|INFORM|Mapping File Identifier is: none2none
2015-01-23 17:20:53|   0.1|  0.0|INFORM|FME Configuration: Reader Keyword is `NULL_SOURCE'
2015-01-23 17:20:53|   0.1|  0.0|INFORM|FME Configuration: Writer Keyword is `NULL_DEST'
2015-01-23 17:20:53|   0.1|  0.0|INFORM|FME Configuration: Writer Group Definition Keyword is `NULL_DEST_DEF'
2015-01-23 17:20:53|   0.1|  0.0|INFORM|FME Configuration: Reader type is `NULL'
2015-01-23 17:20:53|   0.1|  0.0|INFORM|FME Configuration: Writer type is `NULL'
2015-01-23 17:20:53|   0.1|  0.0|INFORM|FME Configuration: No destination coordinate system set
2015-01-23 17:20:53|   0.1|  0.0|INFORM|FME Configuration: Current working folder is `/Users/lkerssens/Desktop/JMS'
2015-01-23 17:20:53|   0.1|  0.0|INFORM|FME Configuration: Temporary folder is `/tmp'
2015-01-23 17:20:53|   0.1|  0.0|INFORM|FME Configuration: FME_HOME is `/Applications/FME 2015/Engine/'
2015-01-23 17:20:53|   0.1|  0.0|INFORM|FME Configuration: FME_BASE is 'no'
2015-01-23 17:20:53|   0.1|  0.0|INFORM|FME Configuration: FME_MF_DIR is '/Users/lkerssens/Desktop/JMS/'
2015-01-23 17:20:53|   0.1|  0.0|INFORM|FME Configuration: FME_MF_NAME is 'JMSSender.fmw'
2015-01-23 17:20:53|   0.1|  0.0|INFORM|FME Configuration: FME_PRODUCT_NAME is 'FME(R) 2015.0'
2015-01-23 17:20:53|   0.1|  0.0|INFORM|System Status: 166.88 TB of disk space available in the FME temporary folder (/tmp)
2015-01-23 17:20:53|   0.1|  0.0|INFORM|System Status: 683.76 GB of virtual memory available
2015-01-23 17:20:53|   0.1|  0.0|INFORM|Operating System: Darwin 13.4.0 x86_64
2015-01-23 17:20:53|   0.1|  0.0|INFORM|FME Platform: macosx
2015-01-23 17:20:53|   0.1|  0.0|INFORM|The memory allocator being used by FME is : `/usr/lib/system/libsystem_malloc.dylib'
2015-01-23 17:20:53|   0.1|  0.0|INFORM|Locale: C
2015-01-23 17:20:53|   0.1|  0.0|INFORM|FME Configuration: Process limits are 16.00 GB of physical memory and 683.76 GB of address space
2015-01-23 17:20:53|   0.1|  0.0|INFORM|FME Configuration: Start freeing memory when process usage exceeds 682.58 GB of memory or 683.17 GB of address space
2015-01-23 17:20:53|   0.1|  0.0|INFORM|FME Configuration: Stop freeing memory when process usage is below 511.94 GB of memory and 512.38 GB of address space
2015-01-23 17:20:53|   0.1|  0.0|INFORM|FME Configuration: Autodetermining optimal maximum number of objects in memory
2015-01-23 17:20:53|   0.1|  0.0|INFORM|Creating writer for format: NULL (Nothing)
2015-01-23 17:20:53|   0.1|  0.0|INFORM|Trying to find a DYNAMIC plugin for writer named `NULL'
2015-01-23 17:20:53|   0.1|  0.0|INFORM|DYLD_LIBRARY_PATH is not set
2015-01-23 17:20:53|   0.1|  0.0|INFORM|Loaded module 'NULL' from file '/Applications/FME 2015/Engine/plugins/null.so'
2015-01-23 17:20:53|   0.1|  0.0|INFORM|FME API version of module 'NULL' matches current internal version (3.7 20141021)
2015-01-23 17:20:53|   0.1|  0.0|INFORM|Creating reader for format: NULL (Nothing)
2015-01-23 17:20:53|   0.1|  0.0|INFORM|Trying to find a DYNAMIC plugin for reader named `NULL'
2015-01-23 17:20:53|   0.1|  0.0|INFORM|FME API version of module 'NULL' matches current internal version (3.7 20141021)
2015-01-23 17:20:53|   0.1|  0.0|INFORM|Loaded module 'LogCount_func' from file '/Applications/FME 2015/Engine/plugins/logcount_func.so'
2015-01-23 17:20:53|   0.1|  0.0|INFORM|FME API version of module 'LogCount_func' matches current internal version (3.7 20141021)
2015-01-23 17:20:53|   0.2|  0.0|INFORM|Creating writer for format: FME Feature Store (FFS)
2015-01-23 17:20:53|   0.2|  0.0|INFORM|FME Configuration: No destination coordinate system set
2015-01-23 17:20:53|   0.2|  0.0|INFORM|FME API version of module 'NULL' matches current internal version (3.7 20141021)
2015-01-23 17:20:53|   0.2|  0.0|INFORM|FME API version of module 'NULL' matches current internal version (3.7 20141021)
2015-01-23 17:20:53|   0.2|  0.0|INFORM|Loaded module 'Geometry_func' from file '/Applications/FME 2015/Engine/plugins/geometry_func.so'
2015-01-23 17:20:53|   0.2|  0.0|INFORM|FME API version of module 'Geometry_func' matches current internal version (3.7 20141021)
2015-01-23 17:20:53|   0.2|  0.0|INFORM|Loaded module 'OGCGeometry_func' from file '/Applications/FME 2015/Engine/plugins/ogcgeometry_func.so'
2015-01-23 17:20:53|   0.2|  0.0|INFORM|FME API version of module 'OGCGeometry_func' matches current internal version (3.7 20141021)
2015-01-23 17:20:53|   0.2|  0.0|INFORM|Loaded module 'TransformPointCloud_func' from file '/Applications/FME 2015/Engine/plugins/transformpointcloud_func.so'
2015-01-23 17:20:53|   0.2|  0.0|INFORM|FME API version of module 'TransformPointCloud_func' matches current internal version (3.7 20141021)
2015-01-23 17:20:53|   0.2|  0.0|INFORM|Trying to find a Java plugin for factory named `COM.safe.fme.factory.JmsFactory'
2015-01-23 17:20:53|   0.2|  0.0|INFORM|Initializing the Java Virtual Machine...
2015-01-23 17:20:53|   0.3|  0.1|INFORM|The Java Virtual Machine was started specifying '-Djava.class.path=/Applications/FME 2015/Engine/plugins:/Applications/FME 2015/Engine/plugins/activemq-all-5.6.0.jar:/Applications/FME 2015/Engine/plugins/aws-java-sdk-1.7.5.jar:/Applications/FME 2015/Engine/plugins/common-util-api.jar:/Applications/FME 2015/Engine/plugins/common-util.jar:/Applications/FME 2015/Engine/plugins/commons-codec-1.3.jar:/Applications/FME 2015/Engine/plugins/commons-io-1.3.2.jar:/Applications/FME 2015/Engine/plugins/commons-logging-1.1.1.jar:/Applications/FME 2015/Engine/plugins/dmtilhplugin.jar:/Applications/FME 2015/Engine/plugins/dom4j-1.6.1.jar:/Applications/FME 2015/Engine/plugins/dynamodb.jar:/Applications/FME 2015/Engine/plugins/fme_jdbc.jar:/Applications/FME 2015/Engine/plugins/fmeserver-api.jar:/Applications/FME 2015/Engine/plugins/fmeserverconfiguration.jar:/Applications/FME 2015/Engine/plugins/gcmfactory.jar:/Applications/FME 2015/Engine/plugins/google-api-client-1.15.0-rc.jar:/Applications/FME 2015/Engine/plugins/google-api-services-bigquery-v2-rev101-1.15.0-rc.jar:/Applications/FME 2015/Engine/plugins/google-http-client-1.15.0-rc.jar:/Applications/FME 2015/Engine/plugins/google-http-client-jackson-1.15.0-rc.jar:/Applications/FME 2015/Engine/plugins/google-oauth-client-1.15.0-rc.jar:/Applications/FME 2015/Engine/plugins/googlebigquery.jar:/Applications/FME 2015/Engine/plugins/httpclient-4.2.jar:/Applications/FME 2015/Engine/plugins/httpcore-4.2.jar:/Applications/FME 2015/Engine/plugins/iijdbc.jar:/Applications/FME 2015/Engine/plugins/ili2c.jar:/Applications/FME 2015/Engine/plugins/ili2fme.jar:/Applications/FME 2015/Engine/plugins/ingres.jar:/Applications/FME 2015/Engine/plugins/jackson-annotations-2.1.1.jar:/Applications/FME 2015/Engine/plugins/jackson-core-2.1.1.jar:/Applications/FME 2015/Engine/plugins/jackson-core-asl-1.9.12.jar:/Applications/FME 2015/Engine/plugins/jackson-databind-2.1.1.jar:/Applications/FME 2015/Engine/plugins/jackson-mapper-asl-1.9.12.jar:/Applications/FME 2015/Engine/plugins/jaxen-1.1.1.jar:/Applications/FME 2015/Engine/plugins/jmsfactory.jar:/Applications/FME 2015/Engine/plugins/joda-time-2.2.jar:/Applications/FME 2015/Engine/plugins/jts-1.8.jar:/Applications/FME 2015/Engine/plugins/netty-3.6.3.Final.jar:/Applications/FME 2015/Engine/plugins/pluginbuilder.jar:/Applications/FME 2015/Engine/plugins/s3factory.jar:/Applications/FME 2015/Engine/plugins/server-configuration-common.jar:/Applications/FME 2015/Engine/plugins/server-plugin-common.jar:/Applications/FME 2015/Engine/plugins/snsfactory.jar:/Applications/FME 2015/Engine/plugins/sqsfactory.jar:/Applications/FME 2015/Engine/plugins/teradata_jdbc.jar:/Applications/FME 2015/Engine/plugins/tfs.jar:/Applications/FME 2015/Engine/plugins/websocketfactory.jar:/Users/lkerssens/Library/Application Support/FME/Plugins/Java' for the classpath option
2015-01-23 17:20:53|   0.4|  0.1|INFORM|Trying to find a Java plugin for factory named `COM.safe.fme.factory.JmsFactory'
2015-01-23 17:20:53|   0.4|  0.0|INFORM|... Last line repeated 2 times ...
2015-01-23 17:20:53|   0.4|  0.0|INFORM|Emptying factory pipeline
2015-01-23 17:20:53|   0.4|  0.0|INFORM|Connecting to JMS provider with url "tcp://54.81.254.73:61616" and initial context "org.apache.activemq.jndi.ActiveMQInitialContextFactory" ...
2015-01-23 17:20:54|   0.8|  0.3|INFORM|Successfully connected to JMS provider
2015-01-23 17:20:54|   0.8|  0.0|INFORM|Sent a non-persistent JMS message to destination "dynamicQueues/TruckOpInfo"
2015-01-23 17:20:54|   0.8|  0.0|INFORM|Connecting to JMS provider with url "tcp://54.81.254.73:61616" and initial context "org.apache.activemq.jndi.ActiveMQInitialContextFactory" ...
2015-01-23 17:20:54|   0.8|  0.0|INFORM|Successfully connected to JMS provider
2015-01-23 17:20:54|   0.8|  0.0|INFORM|Sent a non-persistent JMS message to destination "dynamicQueues/TruckGeoFence"
2015-01-23 17:20:54|   0.8|  0.0|INFORM|Connecting to JMS provider with url "tcp://54.81.254.73:61616" and initial context "org.apache.activemq.jndi.ActiveMQInitialContextFactory" ...
2015-01-23 17:20:54|   0.8|  0.0|INFORM|Successfully connected to JMS provider
2015-01-23 17:20:54|   0.8|  0.0|INFORM|Sent a non-persistent JMS message to destination "dynamicQueues/TruckLocation"
2015-01-23 17:20:54|   0.8|  0.0|INFORM|Connecting to JMS provider with url "tcp://54.81.254.73:61616" and initial context "org.apache.activemq.jndi.ActiveMQInitialContextFactory" ...
2015-01-23 17:20:54|   0.8|  0.0|INFORM|Successfully connected to JMS provider
2015-01-23 17:20:54|   0.8|  0.0|INFORM|Sent a non-persistent JMS message to destination "dynamicQueues/TruckStatus"
2015-01-23 17:20:54|   0.8|  0.0|INFORM|Sent a non-persistent JMS message to destination "dynamicQueues/TruckOpInfo"
2015-01-23 17:20:54|   0.8|  0.0|INFORM|Sent a non-persistent JMS message to destination "dynamicQueues/TruckGeoFence"
2015-01-23 17:20:54|   0.8|  0.0|INFORM|Sent a non-persistent JMS message to destination "dynamicQueues/TruckLocation"
2015-01-23 17:20:54|   0.8|  0.0|INFORM|Sent a non-persistent JMS message to destination "dynamicQueues/TruckStatus"
2015-01-23 17:20:54|   0.8|  0.0|INFORM|Sent a non-persistent JMS message to destination "dynamicQueues/TruckOpInfo"
2015-01-23 17:20:54|   0.8|  0.0|INFORM|Sent a non-persistent JMS message to destination "dynamicQueues/TruckGeoFence"
2015-01-23 17:20:54|   0.8|  0.0|INFORM|Sent a non-persistent JMS message to destination "dynamicQueues/TruckLocation"
2015-01-23 17:20:54|   0.8|  0.0|INFORM|Sent a non-persistent JMS message to destination "dynamicQueues/TruckStatus"
2015-01-23 17:20:54|   0.8|  0.0|INFORM|Sent a non-persistent JMS message to destination "dynamicQueues/TruckOpInfo"
2015-01-23 17:20:54|   0.8|  0.0|INFORM|Sent a non-persistent JMS message to destination "dynamicQueues/TruckGeoFence"
2015-01-23 17:20:54|   0.8|  0.0|INFORM|Sent a non-persistent JMS message to destination "dynamicQueues/TruckLocation"
2015-01-23 17:20:54|   0.8|  0.0|INFORM|Sent a non-persistent JMS message to destination "dynamicQueues/TruckStatus"
2015-01-23 17:20:54|   0.8|  0.0|INFORM|Sent a non-persistent JMS message to destination "dynamicQueues/TruckOpInfo"
2015-01-23 17:20:54|   0.8|  0.0|INFORM|Sent a non-persistent JMS message to destination "dynamicQueues/TruckGeoFence"
2015-01-23 17:20:54|   0.8|  0.0|INFORM|Sent a non-persistent JMS message to destination "dynamicQueues/TruckLocation"
2015-01-23 17:20:54|   0.8|  0.0|INFORM|Sent a non-persistent JMS message to destination "dynamicQueues/TruckStatus"
2015-01-23 17:20:54|   0.8|  0.0|INFORM|Sent a non-persistent JMS message to destination "dynamicQueues/TruckOpInfo"
2015-01-23 17:20:54|   0.8|  0.0|INFORM|Sent a non-persistent JMS message to destination "dynamicQueues/TruckGeoFence"
2015-01-23 17:20:54|   0.8|  0.0|INFORM|Sent a non-persistent JMS message to destination "dynamicQueues/TruckLocation"
2015-01-23 17:20:54|   0.8|  0.0|INFORM|Sent a non-persistent JMS message to destination "dynamicQueues/TruckStatus"
2015-01-23 17:20:54|   0.8|  0.0|INFORM|Sent a non-persistent JMS message to destination "dynamicQueues/TruckOpInfo"
2015-01-23 17:20:54|   0.8|  0.0|INFORM|Sent a non-persistent JMS message to destination "dynamicQueues/TruckGeoFence"
2015-01-23 17:20:54|   0.8|  0.0|INFORM|Sent a non-persistent JMS message to destination "dynamicQueues/TruckLocation"
2015-01-23 17:20:54|   0.8|  0.0|INFORM|Sent a non-persistent JMS message to destination "dynamicQueues/TruckStatus"
2015-01-23 17:20:54|   0.8|  0.0|INFORM|Sent a non-persistent JMS message to destination "dynamicQueues/TruckOpInfo"
2015-01-23 17:20:54|   0.8|  0.0|INFORM|Sent a non-persistent JMS message to destination "dynamicQueues/TruckGeoFence"
2015-01-23 17:20:54|   0.8|  0.0|INFORM|Sent a non-persistent JMS message to destination "dynamicQueues/TruckLocation"
2015-01-23 17:20:54|   0.8|  0.0|INFORM|Sent a non-persistent JMS message to destination "dynamicQueues/TruckStatus"
2015-01-23 17:20:54|   0.8|  0.0|INFORM|Sent a non-persistent JMS message to destination "dynamicQueues/TruckOpInfo"
2015-01-23 17:20:54|   0.8|  0.0|INFORM|Sent a non-persistent JMS message to destination "dynamicQueues/TruckGeoFence"
2015-01-23 17:20:54|   0.8|  0.0|INFORM|Sent a non-persistent JMS message to destination "dynamicQueues/TruckLocation"
2015-01-23 17:20:54|   0.8|  0.0|INFORM|Sent a non-persistent JMS message to destination "dynamicQueues/TruckStatus"
2015-01-23 17:20:54|   0.8|  0.0|INFORM|Sent a non-persistent JMS message to destination "dynamicQueues/TruckOpInfo"
2015-01-23 17:20:54|   0.8|  0.0|INFORM|Sent a non-persistent JMS message to destination "dynamicQueues/TruckGeoFence"
2015-01-23 17:20:54|   0.8|  0.0|INFORM|Sent a non-persistent JMS message to destination "dynamicQueues/TruckLocation"
2015-01-23 17:20:54|   0.8|  0.0|INFORM|Sent a non-persistent JMS message to destination "dynamicQueues/TruckStatus"
2015-01-23 17:20:54|   0.8|  0.0|INFORM|Sent a non-persistent JMS message to destination "dynamicQueues/TruckOpInfo"
2015-01-23 17:20:54|   0.8|  0.0|INFORM|Sent a non-persistent JMS message to destination "dynamicQueues/TruckGeoFence"
2015-01-23 17:20:54|   0.8|  0.0|INFORM|Sent a non-persistent JMS message to destination "dynamicQueues/TruckLocation"
2015-01-23 17:20:54|   0.8|  0.0|INFORM|Sent a non-persistent JMS message to destination "dynamicQueues/TruckStatus"
2015-01-23 17:20:54|   0.8|  0.0|INFORM|Sent a non-persistent JMS message to destination "dynamicQueues/TruckOpInfo"
2015-01-23 17:20:54|   0.8|  0.0|INFORM|Sent a non-persistent JMS message to destination "dynamicQueues/TruckGeoFence"
2015-01-23 17:20:54|   0.8|  0.0|INFORM|Sent a non-persistent JMS message to destination "dynamicQueues/TruckLocation"
2015-01-23 17:20:54|   0.8|  0.0|INFORM|Sent a non-persistent JMS message to destination "dynamicQueues/TruckStatus"
2015-01-23 17:20:54|   0.8|  0.0|INFORM|Sent a non-persistent JMS message to destination "dynamicQueues/TruckOpInfo"
2015-01-23 17:20:54|   0.8|  0.0|INFORM|Sent a non-persistent JMS message to destination "dynamicQueues/TruckGeoFence"
2015-01-23 17:20:54|   0.8|  0.0|INFORM|Sent a non-persistent JMS message to destination "dynamicQueues/TruckLocation"
2015-01-23 17:20:54|   0.8|  0.0|INFORM|Sent a non-persistent JMS message to destination "dynamicQueues/TruckStatus"
2015-01-23 17:20:54|   0.8|  0.0|INFORM|Sent a non-persistent JMS message to destination "dynamicQueues/TruckOpInfo"
2015-01-23 17:20:54|   0.8|  0.0|INFORM|Sent a non-persistent JMS message to destination "dynamicQueues/TruckGeoFence"
2015-01-23 17:20:54|   0.8|  0.0|INFORM|Sent a non-persistent JMS message to destination "dynamicQueues/TruckLocation"
2015-01-23 17:20:54|   0.8|  0.0|INFORM|Sent a non-persistent JMS message to destination "dynamicQueues/TruckStatus"
2015-01-23 17:20:54|   0.8|  0.0|INFORM|Sent a non-persistent JMS message to destination "dynamicQueues/TruckOpInfo"
2015-01-23 17:20:54|   0.8|  0.0|INFORM|Sent a non-persistent JMS message to destination "dynamicQueues/TruckGeoFence"
2015-01-23 17:20:54|   0.8|  0.0|INFORM|Sent a non-persistent JMS message to destination "dynamicQueues/TruckLocation"
2015-01-23 17:20:54|   0.8|  0.0|INFORM|Sent a non-persistent JMS message to destination "dynamicQueues/TruckStatus"
2015-01-23 17:20:54|   0.8|  0.0|INFORM|Sent a non-persistent JMS message to destination "dynamicQueues/TruckOpInfo"
2015-01-23 17:20:54|   0.8|  0.0|INFORM|Sent a non-persistent JMS message to destination "dynamicQueues/TruckGeoFence"
2015-01-23 17:20:54|   0.8|  0.0|INFORM|Sent a non-persistent JMS message to destination "dynamicQueues/TruckLocation"
2015-01-23 17:20:54|   0.8|  0.0|INFORM|Sent a non-persistent JMS message to destination "dynamicQueues/TruckStatus"
2015-01-23 17:20:54|   0.8|  0.0|INFORM|Sent a non-persistent JMS message to destination "dynamicQueues/TruckOpInfo"
2015-01-23 17:20:54|   0.8|  0.0|INFORM|Sent a non-persistent JMS message to destination "dynamicQueues/TruckGeoFence"
2015-01-23 17:20:54|   0.8|  0.0|INFORM|Sent a non-persistent JMS message to destination "dynamicQueues/TruckLocation"
2015-01-23 17:20:54|   0.8|  0.0|INFORM|Sent a non-persistent JMS message to destination "dynamicQueues/TruckStatus"
2015-01-23 17:20:54|   0.8|  0.0|INFORM|Sent a non-persistent JMS message to destination "dynamicQueues/TruckOpInfo"
2015-01-23 17:20:54|   0.8|  0.0|INFORM|Sent a non-persistent JMS message to destination "dynamicQueues/TruckGeoFence"
2015-01-23 17:20:54|   0.8|  0.0|INFORM|Sent a non-persistent JMS message to destination "dynamicQueues/TruckLocation"
2015-01-23 17:20:54|   0.8|  0.0|INFORM|Sent a non-persistent JMS message to destination "dynamicQueues/TruckStatus"
2015-01-23 17:20:54|   0.8|  0.0|INFORM|Sent a non-persistent JMS message to destination "dynamicQueues/TruckOpInfo"
2015-01-23 17:20:54|   0.8|  0.0|INFORM|Sent a non-persistent JMS message to destination "dynamicQueues/TruckGeoFence"
2015-01-23 17:20:54|   0.8|  0.0|INFORM|Sent a non-persistent JMS message to destination "dynamicQueues/TruckLocation"
2015-01-23 17:20:54|   0.8|  0.0|INFORM|Sent a non-persistent JMS message to destination "dynamicQueues/TruckStatus"
2015-01-23 17:20:54|   0.8|  0.0|INFORM|Sent a non-persistent JMS message to destination "dynamicQueues/TruckOpInfo"
2015-01-23 17:20:54|   0.8|  0.0|INFORM|Sent a non-persistent JMS message to destination "dynamicQueues/TruckGeoFence"
2015-01-23 17:20:54|   0.8|  0.0|INFORM|Sent a non-persistent JMS message to destination "dynamicQueues/TruckLocation"
2015-01-23 17:20:54|   0.8|  0.0|INFORM|Sent a non-persistent JMS message to destination "dynamicQueues/TruckStatus"
2015-01-23 17:20:54|   0.8|  0.0|INFORM|Sent a non-persistent JMS message to destination "dynamicQueues/TruckOpInfo"
2015-01-23 17:20:54|   0.8|  0.0|INFORM|Sent a non-persistent JMS message to destination "dynamicQueues/TruckGeoFence"
2015-01-23 17:20:54|   0.8|  0.0|INFORM|Sent a non-persistent JMS message to destination "dynamicQueues/TruckLocation"
2015-01-23 17:20:54|   0.8|  0.0|INFORM|Sent a non-persistent JMS message to destination "dynamicQueues/TruckStatus"
2015-01-23 17:20:54|   0.8|  0.0|INFORM|Sent a non-persistent JMS message to destination "dynamicQueues/TruckOpInfo"
2015-01-23 17:20:54|   0.8|  0.0|INFORM|Sent a non-persistent JMS message to destination "dynamicQueues/TruckGeoFence"
2015-01-23 17:20:54|   0.8|  0.0|INFORM|Sent a non-persistent JMS message to destination "dynamicQueues/TruckLocation"
2015-01-23 17:20:54|   0.8|  0.0|INFORM|Sent a non-persistent JMS message to destination "dynamicQueues/TruckStatus"
2015-01-23 17:20:54|   0.8|  0.0|INFORM|Sent a non-persistent JMS message to destination "dynamicQueues/TruckOpInfo"
2015-01-23 17:20:54|   0.8|  0.0|INFORM|Sent a non-persistent JMS message to destination "dynamicQueues/TruckGeoFence"
2015-01-23 17:20:54|   0.8|  0.0|INFORM|Sent a non-persistent JMS message to destination "dynamicQueues/TruckLocation"
2015-01-23 17:20:54|   0.8|  0.0|INFORM|Sent a non-persistent JMS message to destination "dynamicQueues/TruckStatus"
2015-01-23 17:20:54|   0.8|  0.0|INFORM|Sent a non-persistent JMS message to destination "dynamicQueues/TruckOpInfo"
2015-01-23 17:20:54|   0.8|  0.0|INFORM|Sent a non-persistent JMS message to destination "dynamicQueues/TruckGeoFence"
2015-01-23 17:20:54|   0.8|  0.0|INFORM|Sent a non-persistent JMS message to destination "dynamicQueues/TruckLocation"
2015-01-23 17:20:54|   0.9|  0.0|INFORM|Sent a non-persistent JMS message to destination "dynamicQueues/TruckStatus"
2015-01-23 17:20:54|   0.9|  0.0|INFORM|Sent a non-persistent JMS message to destination "dynamicQueues/TruckOpInfo"
2015-01-23 17:20:54|   0.9|  0.0|INFORM|Sent a non-persistent JMS message to destination "dynamicQueues/TruckGeoFence"
2015-01-23 17:20:54|   0.9|  0.0|INFORM|Sent a non-persistent JMS message to destination "dynamicQueues/TruckLocation"
2015-01-23 17:20:54|   0.9|  0.0|INFORM|Sent a non-persistent JMS message to destination "dynamicQueues/TruckStatus"
2015-01-23 17:20:54|   0.9|  0.0|INFORM|Sent a non-persistent JMS message to destination "dynamicQueues/TruckOpInfo"
2015-01-23 17:20:54|   0.9|  0.0|INFORM|Sent a non-persistent JMS message to destination "dynamicQueues/TruckGeoFence"
2015-01-23 17:20:54|   0.9|  0.0|INFORM|Sent a non-persistent JMS message to destination "dynamicQueues/TruckLocation"
2015-01-23 17:20:54|   0.9|  0.0|INFORM|Sent a non-persistent JMS message to destination "dynamicQueues/TruckStatus"
2015-01-23 17:20:54|   0.9|  0.0|INFORM|Sent a non-persistent JMS message to destination "dynamicQueues/TruckOpInfo"
2015-01-23 17:20:54|   0.9|  0.0|INFORM|Sent a non-persistent JMS message to destination "dynamicQueues/TruckGeoFence"
2015-01-23 17:20:54|   0.9|  0.0|INFORM|Sent a non-persistent JMS message to destination "dynamicQueues/TruckLocation"
2015-01-23 17:20:54|   0.9|  0.0|INFORM|Sent a non-persistent JMS message to destination "dynamicQueues/TruckStatus"
2015-01-23 17:20:54|   0.9|  0.0|INFORM|Sent a non-persistent JMS message to destination "dynamicQueues/TruckOpInfo"
2015-01-23 17:20:54|   0.9|  0.0|INFORM|Sent a non-persistent JMS message to destination "dynamicQueues/TruckGeoFence"
2015-01-23 17:20:54|   0.9|  0.0|INFORM|Sent a non-persistent JMS message to destination "dynamicQueues/TruckLocation"
2015-01-23 17:20:54|   0.9|  0.0|INFORM|Sent a non-persistent JMS message to destination "dynamicQueues/TruckStatus"
2015-01-23 17:20:54|   0.9|  0.0|INFORM|Sent a non-persistent JMS message to destination "dynamicQueues/TruckOpInfo"
2015-01-23 17:20:54|   0.9|  0.0|INFORM|Sent a non-persistent JMS message to destination "dynamicQueues/TruckGeoFence"
2015-01-23 17:20:54|   0.9|  0.0|INFORM|Sent a non-persistent JMS message to destination "dynamicQueues/TruckLocation"
2015-01-23 17:20:54|   0.9|  0.0|INFORM|Sent a non-persistent JMS message to destination "dynamicQueues/TruckStatus"
2015-01-23 17:20:54|   0.9|  0.0|INFORM|Sent a non-persistent JMS message to destination "dynamicQueues/TruckOpInfo"
2015-01-23 17:20:54|   0.9|  0.0|INFORM|Sent a non-persistent JMS message to destination "dynamicQueues/TruckGeoFence"
2015-01-23 17:20:54|   0.9|  0.0|INFORM|Sent a non-persistent JMS message to destination "dynamicQueues/TruckLocation"
2015-01-23 17:20:54|   0.9|  0.0|INFORM|Sent a non-persistent JMS message to destination "dynamicQueues/TruckStatus"
2015-01-23 17:20:54|   0.9|  0.0|INFORM|Sent a non-persistent JMS message to destination "dynamicQueues/TruckOpInfo"
2015-01-23 17:20:54|   0.9|  0.0|INFORM|Sent a non-persistent JMS message to destination "dynamicQueues/TruckGeoFence"
2015-01-23 17:20:54|   0.9|  0.0|INFORM|Sent a non-persistent JMS message to destination "dynamicQueues/TruckLocation"
2015-01-23 17:20:54|   0.9|  0.0|INFORM|Sent a non-persistent JMS message to destination "dynamicQueues/TruckStatus"
2015-01-23 17:20:54|   0.9|  0.0|INFORM|Sent a non-persistent JMS message to destination "dynamicQueues/TruckOpInfo"
2015-01-23 17:20:54|   0.9|  0.0|INFORM|Sent a non-persistent JMS message to destination "dynamicQueues/TruckGeoFence"
2015-01-23 17:20:54|   0.9|  0.0|INFORM|Sent a non-persistent JMS message to destination "dynamicQueues/TruckLocation"
2015-01-23 17:20:54|   0.9|  0.0|INFORM|Sent a non-persistent JMS message to destination "dynamicQueues/TruckStatus"
2015-01-23 17:20:54|   0.9|  0.0|INFORM|Sent a non-persistent JMS message to destination "dynamicQueues/TruckOpInfo"
2015-01-23 17:20:54|   0.9|  0.0|INFORM|Sent a non-persistent JMS message to destination "dynamicQueues/TruckGeoFence"
2015-01-23 17:20:54|   0.9|  0.0|INFORM|Sent a non-persistent JMS message to destination "dynamicQueues/TruckLocation"
2015-01-23 17:20:54|   0.9|  0.0|INFORM|Sent a non-persistent JMS message to destination "dynamicQueues/TruckStatus"
2015-01-23 17:20:54|   0.9|  0.0|INFORM|Sent a non-persistent JMS message to destination "dynamicQueues/TruckOpInfo"
2015-01-23 17:20:54|   0.9|  0.0|INFORM|Sent a non-persistent JMS message to destination "dynamicQueues/TruckGeoFence"
2015-01-23 17:20:54|   0.9|  0.0|INFORM|Sent a non-persistent JMS message to destination "dynamicQueues/TruckLocation"
2015-01-23 17:20:54|   0.9|  0.0|INFORM|Sent a non-persistent JMS message to destination "dynamicQueues/TruckStatus"
2015-01-23 17:20:54|   0.9|  0.0|INFORM|Sent a non-persistent JMS message to destination "dynamicQueues/TruckOpInfo"
2015-01-23 17:20:54|   0.9|  0.0|INFORM|Sent a non-persistent JMS message to destination "dynamicQueues/TruckGeoFence"
2015-01-23 17:20:54|   0.9|  0.0|INFORM|Sent a non-persistent JMS message to destination "dynamicQueues/TruckLocation"
2015-01-23 17:20:54|   0.9|  0.0|INFORM|Sent a non-persistent JMS message to destination "dynamicQueues/TruckStatus"
2015-01-23 17:20:54|   0.9|  0.0|INFORM|Sent a non-persistent JMS message to destination "dynamicQueues/TruckOpInfo"
2015-01-23 17:20:54|   0.9|  0.0|INFORM|Sent a non-persistent JMS message to destination "dynamicQueues/TruckGeoFence"
2015-01-23 17:20:54|   0.9|  0.0|INFORM|Sent a non-persistent JMS message to destination "dynamicQueues/TruckLocation"
2015-01-23 17:20:54|   0.9|  0.0|INFORM|Sent a non-persistent JMS message to destination "dynamicQueues/TruckStatus"
2015-01-23 17:20:54|   0.9|  0.0|INFORM|Sent a non-persistent JMS message to destination "dynamicQueues/TruckOpInfo"
2015-01-23 17:20:54|   0.9|  0.0|INFORM|Sent a non-persistent JMS message to destination "dynamicQueues/TruckGeoFence"
2015-01-23 17:20:54|   0.9|  0.0|INFORM|Sent a non-persistent JMS message to destination "dynamicQueues/TruckLocation"
2015-01-23 17:20:54|   0.9|  0.0|INFORM|Sent a non-persistent JMS message to destination "dynamicQueues/TruckStatus"
2015-01-23 17:20:54|   0.9|  0.0|INFORM|Sent a non-persistent JMS message to destination "dynamicQueues/TruckOpInfo"
2015-01-23 17:20:54|   0.9|  0.0|INFORM|Sent a non-persistent JMS message to destination "dynamicQueues/TruckGeoFence"
2015-01-23 17:20:54|   0.9|  0.0|INFORM|Sent a non-persistent JMS message to destination "dynamicQueues/TruckLocation"
2015-01-23 17:20:54|   0.9|  0.0|INFORM|Sent a non-persistent JMS message to destination "dynamicQueues/TruckStatus"
2015-01-23 17:20:54|   0.9|  0.0|INFORM|Sent a non-persistent JMS message to destination "dynamicQueues/TruckOpInfo"
2015-01-23 17:20:54|   0.9|  0.0|INFORM|Sent a non-persistent JMS message to destination "dynamicQueues/TruckGeoFence"
2015-01-23 17:20:54|   0.9|  0.0|INFORM|Sent a non-persistent JMS message to destination "dynamicQueues/TruckLocation"
2015-01-23 17:20:54|   0.9|  0.0|INFORM|Sent a non-persistent JMS message to destination "dynamicQueues/TruckStatus"
2015-01-23 17:20:54|   0.9|  0.0|INFORM|Sent a non-persistent JMS message to destination "dynamicQueues/TruckOpInfo"
2015-01-23 17:20:54|   0.9|  0.0|INFORM|Sent a non-persistent JMS message to destination "dynamicQueues/TruckGeoFence"
2015-01-23 17:20:54|   0.9|  0.0|INFORM|Sent a non-persistent JMS message to destination "dynamicQueues/TruckLocation"
2015-01-23 17:20:54|   0.9|  0.0|INFORM|Sent a non-persistent JMS message to destination "dynamicQueues/TruckStatus"
2015-01-23 17:20:54|   0.9|  0.0|INFORM|Sent a non-persistent JMS message to destination "dynamicQueues/TruckOpInfo"
2015-01-23 17:20:54|   0.9|  0.0|INFORM|Sent a non-persistent JMS message to destination "dynamicQueues/TruckGeoFence"
2015-01-23 17:20:54|   0.9|  0.0|INFORM|Sent a non-persistent JMS message to destination "dynamicQueues/TruckLocation"
2015-01-23 17:20:54|   0.9|  0.0|INFORM|Sent a non-persistent JMS message to destination "dynamicQueues/TruckStatus"
2015-01-23 17:20:54|   0.9|  0.0|INFORM|Sent a non-persistent JMS message to destination "dynamicQueues/TruckOpInfo"
2015-01-23 17:20:54|   0.9|  0.0|INFORM|Sent a non-persistent JMS message to destination "dynamicQueues/TruckGeoFence"
2015-01-23 17:20:54|   0.9|  0.0|INFORM|Sent a non-persistent JMS message to destination "dynamicQueues/TruckLocation"
2015-01-23 17:20:54|   0.9|  0.0|INFORM|Sent a non-persistent JMS message to destination "dynamicQueues/TruckStatus"
2015-01-23 17:20:54|   0.9|  0.0|INFORM|Sent a non-persistent JMS message to destination "dynamicQueues/TruckOpInfo"
2015-01-23 17:20:54|   0.9|  0.0|INFORM|Sent a non-persistent JMS message to destination "dynamicQueues/TruckGeoFence"
2015-01-23 17:20:54|   0.9|  0.0|INFORM|Sent a non-persistent JMS message to destination "dynamicQueues/TruckLocation"
2015-01-23 17:20:54|   0.9|  0.0|INFORM|Sent a non-persistent JMS message to destination "dynamicQueues/TruckStatus"
2015-01-23 17:20:54|   0.9|  0.0|INFORM|Sent a non-persistent JMS message to destination "dynamicQueues/TruckOpInfo"
2015-01-23 17:20:54|   0.9|  0.0|INFORM|Sent a non-persistent JMS message to destination "dynamicQueues/TruckGeoFence"
2015-01-23 17:20:54|   0.9|  0.0|INFORM|Sent a non-persistent JMS message to destination "dynamicQueues/TruckLocation"
2015-01-23 17:20:54|   0.9|  0.0|INFORM|Sent a non-persistent JMS message to destination "dynamicQueues/TruckStatus"
2015-01-23 17:20:54|   0.9|  0.0|INFORM|Sent a non-persistent JMS message to destination "dynamicQueues/TruckOpInfo"
2015-01-23 17:20:54|   0.9|  0.0|INFORM|Sent a non-persistent JMS message to destination "dynamicQueues/TruckGeoFence"
2015-01-23 17:20:54|   0.9|  0.0|INFORM|Sent a non-persistent JMS message to destination "dynamicQueues/TruckLocation"
2015-01-23 17:20:54|   0.9|  0.0|INFORM|Sent a non-persistent JMS message to destination "dynamicQueues/TruckStatus"
2015-01-23 17:20:54|   0.9|  0.0|INFORM|Sent a non-persistent JMS message to destination "dynamicQueues/TruckOpInfo"
2015-01-23 17:20:54|   0.9|  0.0|INFORM|Sent a non-persistent JMS message to destination "dynamicQueues/TruckGeoFence"
2015-01-23 17:20:54|   0.9|  0.0|INFORM|Sent a non-persistent JMS message to destination "dynamicQueues/TruckLocation"
2015-01-23 17:20:54|   0.9|  0.0|INFORM|Sent a non-persistent JMS message to destination "dynamicQueues/TruckStatus"
2015-01-23 17:20:54|   0.9|  0.0|INFORM|Sent a non-persistent JMS message to destination "dynamicQueues/TruckOpInfo"
2015-01-23 17:20:54|   0.9|  0.0|INFORM|Sent a non-persistent JMS message to destination "dynamicQueues/TruckGeoFence"
2015-01-23 17:20:54|   0.9|  0.0|INFORM|Sent a non-persistent JMS message to destination "dynamicQueues/TruckLocation"
2015-01-23 17:20:54|   0.9|  0.0|INFORM|Sent a non-persistent JMS message to destination "dynamicQueues/TruckStatus"
2015-01-23 17:20:54|   0.9|  0.0|INFORM|Sent a non-persistent JMS message to destination "dynamicQueues/TruckOpInfo"
2015-01-23 17:20:54|   0.9|  0.0|INFORM|Sent a non-persistent JMS message to destination "dynamicQueues/TruckGeoFence"
2015-01-23 17:20:54|   0.9|  0.0|INFORM|Sent a non-persistent JMS message to destination "dynamicQueues/TruckLocation"
2015-01-23 17:20:54|   0.9|  0.0|INFORM|Sent a non-persistent JMS message to destination "dynamicQueues/TruckStatus"
2015-01-23 17:20:54|   0.9|  0.0|INFORM|Sent a non-persistent JMS message to destination "dynamicQueues/TruckOpInfo"
2015-01-23 17:20:54|   0.9|  0.0|INFORM|Sent a non-persistent JMS message to destination "dynamicQueues/TruckGeoFence"
2015-01-23 17:20:54|   0.9|  0.0|INFORM|Sent a non-persistent JMS message to destination "dynamicQueues/TruckLocation"
2015-01-23 17:20:54|   0.9|  0.0|INFORM|Sent a non-persistent JMS message to destination "dynamicQueues/TruckStatus"
2015-01-23 17:20:54|   0.9|  0.0|INFORM|Sent a non-persistent JMS message to destination "dynamicQueues/TruckOpInfo"
2015-01-23 17:20:54|   0.9|  0.0|INFORM|Suppressing log messages until #100
2015-01-23 17:20:54|   0.9|  0.0|INFORM|Sent a non-persistent JMS message to destination "dynamicQueues/TruckGeoFence"
2015-01-23 17:20:54|   0.9|  0.0|INFORM|Suppressing log messages until #100
2015-01-23 17:20:54|   0.9|  0.0|INFORM|Sent a non-persistent JMS message to destination "dynamicQueues/TruckLocation"
2015-01-23 17:20:54|   0.9|  0.0|INFORM|Suppressing log messages until #100
2015-01-23 17:20:54|   0.9|  0.0|INFORM|Sent a non-persistent JMS message to destination "dynamicQueues/TruckStatus"
2015-01-23 17:20:54|   0.9|  0.0|INFORM|Suppressing log messages until #100
2015-01-23 17:20:55|   1.0|  0.1|INFORM|Sent a non-persistent JMS message to destination "dynamicQueues/TruckOpInfo"
2015-01-23 17:20:55|   1.0|  0.0|INFORM|Suppressing log messages until #200
2015-01-23 17:20:55|   1.0|  0.0|INFORM|Sent a non-persistent JMS message to destination "dynamicQueues/TruckGeoFence"
2015-01-23 17:20:55|   1.0|  0.0|INFORM|Suppressing log messages until #200
2015-01-23 17:20:55|   1.0|  0.0|INFORM|Sent a non-persistent JMS message to destination "dynamicQueues/TruckLocation"
2015-01-23 17:20:55|   1.0|  0.0|INFORM|Suppressing log messages until #200
2015-01-23 17:20:55|   1.0|  0.0|INFORM|Sent a non-persistent JMS message to destination "dynamicQueues/TruckStatus"
2015-01-23 17:20:55|   1.0|  0.0|INFORM|Suppressing log messages until #200
2015-01-23 17:20:55|   1.1|  0.1|INFORM|Sent a non-persistent JMS message to destination "dynamicQueues/TruckOpInfo"
2015-01-23 17:20:55|   1.1|  0.0|INFORM|Suppressing log messages until #400
2015-01-23 17:20:55|   1.1|  0.0|INFORM|Sent a non-persistent JMS message to destination "dynamicQueues/TruckGeoFence"
2015-01-23 17:20:55|   1.1|  0.0|INFORM|Suppressing log messages until #400
2015-01-23 17:20:55|   1.1|  0.0|INFORM|Sent a non-persistent JMS message to destination "dynamicQueues/TruckLocation"
2015-01-23 17:20:55|   1.1|  0.0|INFORM|Suppressing log messages until #400
2015-01-23 17:20:55|   1.1|  0.0|INFORM|Sent a non-persistent JMS message to destination "dynamicQueues/TruckStatus"
2015-01-23 17:20:55|   1.1|  0.0|INFORM|Suppressing log messages until #400
2015-01-23 17:20:55|   1.4|  0.3|INFORM|Sent a non-persistent JMS message to destination "dynamicQueues/TruckOpInfo"
2015-01-23 17:20:55|   1.4|  0.0|INFORM|Suppressing log messages until #800
2015-01-23 17:20:55|   1.4|  0.0|INFORM|Sent a non-persistent JMS message to destination "dynamicQueues/TruckGeoFence"
2015-01-23 17:20:55|   1.4|  0.0|INFORM|Suppressing log messages until #800
2015-01-23 17:20:55|   1.4|  0.0|INFORM|Sent a non-persistent JMS message to destination "dynamicQueues/TruckLocation"
2015-01-23 17:20:55|   1.4|  0.0|INFORM|Suppressing log messages until #800
2015-01-23 17:20:55|   1.4|  0.0|INFORM|Sent a non-persistent JMS message to destination "dynamicQueues/TruckStatus"
2015-01-23 17:20:55|   1.4|  0.0|INFORM|Suppressing log messages until #800
2015-01-23 17:20:55|   1.9|  0.5|INFORM|Sent a non-persistent JMS message to destination "dynamicQueues/TruckOpInfo"
2015-01-23 17:20:55|   1.9|  0.0|INFORM|Suppressing log messages until #1600
2015-01-23 17:20:55|   1.9|  0.0|INFORM|Sent a non-persistent JMS message to destination "dynamicQueues/TruckGeoFence"
2015-01-23 17:20:55|   1.9|  0.0|INFORM|Suppressing log messages until #1600
2015-01-23 17:20:55|   1.9|  0.0|INFORM|Sent a non-persistent JMS message to destination "dynamicQueues/TruckLocation"
2015-01-23 17:20:55|   1.9|  0.0|INFORM|Suppressing log messages until #1600
2015-01-23 17:20:55|   1.9|  0.0|INFORM|Sent a non-persistent JMS message to destination "dynamicQueues/TruckStatus"
2015-01-23 17:20:55|   1.9|  0.0|INFORM|Suppressing log messages until #1600
2015-01-23 17:20:56|   2.9|  1.0|INFORM|Sent a non-persistent JMS message to destination "dynamicQueues/TruckOpInfo"
2015-01-23 17:20:56|   2.9|  0.0|INFORM|Suppressing log messages until #3200
2015-01-23 17:20:56|   2.9|  0.0|INFORM|Sent a non-persistent JMS message to destination "dynamicQueues/TruckGeoFence"
2015-01-23 17:20:56|   2.9|  0.0|INFORM|Suppressing log messages until #3200
2015-01-23 17:20:56|   2.9|  0.0|INFORM|Sent a non-persistent JMS message to destination "dynamicQueues/TruckLocation"
2015-01-23 17:20:56|   2.9|  0.0|INFORM|Suppressing log messages until #3200
2015-01-23 17:20:56|   2.9|  0.0|INFORM|Sent a non-persistent JMS message to destination "dynamicQueues/TruckStatus"
2015-01-23 17:20:56|   2.9|  0.0|INFORM|Suppressing log messages until #3200
2015-01-23 17:20:58|   5.0|  2.1|INFORM|Sent a non-persistent JMS message to destination "dynamicQueues/TruckOpInfo"
2015-01-23 17:20:58|   5.0|  0.0|INFORM|Suppressing log messages until #6400
2015-01-23 17:20:58|   5.0|  0.0|INFORM|Sent a non-persistent JMS message to destination "dynamicQueues/TruckGeoFence"
2015-01-23 17:20:58|   5.0|  0.0|INFORM|Suppressing log messages until #6400
2015-01-23 17:20:58|   5.0|  0.0|INFORM|Sent a non-persistent JMS message to destination "dynamicQueues/TruckLocation"
2015-01-23 17:20:58|   5.0|  0.0|INFORM|Suppressing log messages until #6400
2015-01-23 17:20:58|   5.0|  0.0|INFORM|Sent a non-persistent JMS message to destination "dynamicQueues/TruckStatus"
2015-01-23 17:20:58|   5.0|  0.0|INFORM|Suppressing log messages until #6400
2015-01-23 17:21:01|   8.1|  3.1|INFORM|Sent a non-persistent JMS message to destination "dynamicQueues/TruckOpInfo"
2015-01-23 17:21:01|   8.1|  0.0|INFORM|Suppressing log messages until #12800
2015-01-23 17:21:01|   8.1|  0.0|INFORM|Sent a non-persistent JMS message to destination "dynamicQueues/TruckGeoFence"
2015-01-23 17:21:01|   8.1|  0.0|INFORM|Suppressing log messages until #12800
2015-01-23 17:21:01|   8.1|  0.0|INFORM|Sent a non-persistent JMS message to destination "dynamicQueues/TruckLocation"
2015-01-23 17:21:01|   8.1|  0.0|INFORM|Suppressing log messages until #12800
2015-01-23 17:21:01|   8.1|  0.0|INFORM|Sent a non-persistent JMS message to destination "dynamicQueues/TruckStatus"
2015-01-23 17:21:01|   8.1|  0.0|INFORM|Suppressing log messages until #12800
2015-01-23 17:21:05|  11.6|  3.5|STATS |Creator_3_XML_Creator(CreationFactory): Created 1 features
2015-01-23 17:21:05|  11.6|  0.0|STATS |Creator_3_Cloner(TeeFactory): Cloned 1 input feature(s) into 10000 output feature(s)
2015-01-23 17:21:05|  11.6|  0.0|STATS |Creator_3 CREATED Splitter(TeeFactory): Cloned 10000 input feature(s) into 40000 output feature(s)
2015-01-23 17:21:05|  11.6|  0.0|STATS |Creator_3_CREATED_0_jj2LS16D4JM= Feature Counter -1 60(TeeFactory): Cloned 10000 input feature(s) into 10000 output feature(s)
2015-01-23 17:21:05|  11.6|  0.0|STATS |Creator_3_CREATED_1_jj2LS16D4JM= Feature Counter -1 59(TeeFactory): Cloned 10000 input feature(s) into 10000 output feature(s)
2015-01-23 17:21:05|  11.6|  0.0|STATS |Creator_3_CREATED_2_jj2LS16D4JM= Feature Counter -1 63(TeeFactory): Cloned 10000 input feature(s) into 10000 output feature(s)
2015-01-23 17:21:05|  11.6|  0.0|STATS |Creator_3_CREATED_3_jj2LS16D4JM= Feature Counter -1 31(TeeFactory): Cloned 10000 input feature(s) into 10000 output feature(s)
2015-01-23 17:21:05|  11.6|  0.0|STATS |GeometryReplacer_2(TeeFactory): Cloned 10000 input feature(s) into 10000 output feature(s)
2015-01-23 17:21:05|  11.6|  0.0|STATS |GeometryReplacer_2_OUTPUT Feature Counter -1 66(TeeFactory): Cloned 10000 input feature(s) into 10000 output feature(s)
2015-01-23 17:21:05|  11.6|  0.0|STATS |Offsetter_2(TeeFactory): Cloned 10000 input feature(s) into 10000 output feature(s)
2015-01-23 17:21:05|  11.6|  0.0|STATS |Offsetter_2_PointCloudOffsetter(TestFactory): Tested 10000 input feature(s) -- 0 feature(s) passed and 10000 feature(s) failed
2015-01-23 17:21:05|  11.6|  0.0|STATS |Offsetter_2_OFFSET Feature Counter -1 22(TeeFactory): Cloned 10000 input feature(s) into 10000 output feature(s)
2015-01-23 17:21:05|  11.6|  0.0|STATS |TimeStamper_2(TeeFactory): Cloned 10000 input feature(s) into 10000 output feature(s)
2015-01-23 17:21:05|  11.6|  0.0|STATS |TimeStamper_2_OUTPUT Feature Counter -1 24(TeeFactory): Cloned 10000 input feature(s) into 10000 output feature(s)
2015-01-23 17:21:05|  11.6|  0.0|STATS |GeometryExtractor_2(TeeFactory): Cloned 10000 input feature(s) into 10000 output feature(s)
2015-01-23 17:21:05|  11.6|  0.0|STATS |GeometryExtractor_2_OUTPUT Feature Counter -1 26(TeeFactory): Cloned 10000 input feature(s) into 10000 output feature(s)
2015-01-23 17:21:05|  11.6|  0.0|STATS |AttributeCreator_2_OUTPUT Feature Counter -1 27(TeeFactory): Cloned 10000 input feature(s) into 10000 output feature(s)
2015-01-23 17:21:05|  11.6|  0.0|INFORM|Disconnected from JMS provider
2015-01-23 17:21:05|  11.6|  0.0|STATS |RandomNumberGenerator_3(TeeFactory): Cloned 10000 input feature(s) into 10000 output feature(s)
2015-01-23 17:21:05|  11.6|  0.0|STATS |RandomNumberGenerator_3_OUTPUT Feature Counter -1 51(TeeFactory): Cloned 10000 input feature(s) into 10000 output feature(s)
2015-01-23 17:21:05|  11.6|  0.0|STATS |RandomNumberGenerator_4(TeeFactory): Cloned 10000 input feature(s) into 10000 output feature(s)
2015-01-23 17:21:05|  11.6|  0.0|STATS |RandomNumberGenerator_4_OUTPUT Feature Counter -1 53(TeeFactory): Cloned 10000 input feature(s) into 10000 output feature(s)
2015-01-23 17:21:05|  11.6|  0.0|STATS |RandomNumberGenerator_5(TeeFactory): Cloned 10000 input feature(s) into 10000 output feature(s)
2015-01-23 17:21:05|  11.6|  0.0|STATS |RandomNumberGenerator_5_OUTPUT Feature Counter -1 55(TeeFactory): Cloned 10000 input feature(s) into 10000 output feature(s)
2015-01-23 17:21:05|  11.6|  0.0|STATS |AttributeValueMapper_2(TeeFactory): Cloned 10000 input feature(s) into 10000 output feature(s)
2015-01-23 17:21:05|  11.6|  0.0|STATS |AttributeValueMapper_2_OUTPUT Feature Counter -1 57(TeeFactory): Cloned 10000 input feature(s) into 10000 output feature(s)
2015-01-23 17:21:05|  11.6|  0.0|STATS |TimeStamper_4(TeeFactory): Cloned 10000 input feature(s) into 10000 output feature(s)
2015-01-23 17:21:05|  11.6|  0.0|STATS |TimeStamper_4_OUTPUT Feature Counter -1 58(TeeFactory): Cloned 10000 input feature(s) into 10000 output feature(s)
2015-01-23 17:21:05|  11.6|  0.0|STATS |AttributeCreator_4_OUTPUT Feature Counter -1 48(TeeFactory): Cloned 10000 input feature(s) into 10000 output feature(s)
2015-01-23 17:21:05|  11.6|  0.0|INFORM|Disconnected from JMS provider
2015-01-23 17:21:05|  11.6|  0.0|STATS |GeometryReplacer(TeeFactory): Cloned 10000 input feature(s) into 10000 output feature(s)
2015-01-23 17:21:05|  11.6|  0.0|STATS |GeometryReplacer_OUTPUT Feature Counter -1 68(TeeFactory): Cloned 10000 input feature(s) into 10000 output feature(s)
2015-01-23 17:21:05|  11.6|  0.0|STATS |Offsetter(TeeFactory): Cloned 10000 input feature(s) into 10000 output feature(s)
2015-01-23 17:21:05|  11.6|  0.0|STATS |Offsetter_PointCloudOffsetter(TestFactory): Tested 10000 input feature(s) -- 0 feature(s) passed and 10000 feature(s) failed
2015-01-23 17:21:05|  11.6|  0.0|STATS |Offsetter_OFFSET Feature Counter -1 11(TeeFactory): Cloned 10000 input feature(s) into 10000 output feature(s)
2015-01-23 17:21:05|  11.6|  0.0|STATS |TimeStamper(TeeFactory): Cloned 10000 input feature(s) into 10000 output feature(s)
2015-01-23 17:21:05|  11.6|  0.0|STATS |TimeStamper_OUTPUT Feature Counter -1 14(TeeFactory): Cloned 10000 input feature(s) into 10000 output feature(s)
2015-01-23 17:21:05|  11.6|  0.0|STATS |GeometryExtractor(TeeFactory): Cloned 10000 input feature(s) into 10000 output feature(s)
2015-01-23 17:21:05|  11.6|  0.0|STATS |GeometryExtractor_OUTPUT Feature Counter -1 15(TeeFactory): Cloned 10000 input feature(s) into 10000 output feature(s)
2015-01-23 17:21:05|  11.6|  0.0|STATS |AttributeCreator_OUTPUT Feature Counter -1 6(TeeFactory): Cloned 10000 input feature(s) into 10000 output feature(s)
2015-01-23 17:21:05|  11.6|  0.0|INFORM|Disconnected from JMS provider
2015-01-23 17:21:05|  11.6|  0.0|STATS |RandomNumberGenerator(TeeFactory): Cloned 10000 input feature(s) into 10000 output feature(s)
2015-01-23 17:21:05|  11.6|  0.0|STATS |RandomNumberGenerator_OUTPUT Feature Counter -1 33(TeeFactory): Cloned 10000 input feature(s) into 10000 output feature(s)
2015-01-23 17:21:05|  11.6|  0.0|STATS |AttributeValueMapper(TeeFactory): Cloned 10000 input feature(s) into 10000 output feature(s)
2015-01-23 17:21:05|  11.6|  0.0|STATS |AttributeValueMapper_OUTPUT Feature Counter -1 35(TeeFactory): Cloned 10000 input feature(s) into 10000 output feature(s)
2015-01-23 17:21:05|  11.6|  0.0|STATS |RandomNumberGenerator_2(TeeFactory): Cloned 10000 input feature(s) into 10000 output feature(s)
2015-01-23 17:21:05|  11.6|  0.0|STATS |RandomNumberGenerator_2_OUTPUT Feature Counter -1 40(TeeFactory): Cloned 10000 input feature(s) into 10000 output feature(s)
2015-01-23 17:21:05|  11.6|  0.0|STATS |TimeStamper_3(TeeFactory): Cloned 10000 input feature(s) into 10000 output feature(s)
2015-01-23 17:21:05|  11.6|  0.0|STATS |TimeStamper_3_OUTPUT Feature Counter -1 43(TeeFactory): Cloned 10000 input feature(s) into 10000 output feature(s)
2015-01-23 17:21:05|  11.6|  0.0|STATS |AttributeCreator_3_OUTPUT Feature Counter -1 44(TeeFactory): Cloned 10000 input feature(s) into 10000 output feature(s)
2015-01-23 17:21:05|  11.6|  0.0|INFORM|Disconnected from JMS provider
2015-01-23 17:21:05|  11.6|  0.0|STATS |Destination Feature Type Routing Correlator(RoutingFactory): Tested 0 input feature(s), wrote 0 output feature(s): 0 matched merge filters, 0 were routed to output, 0 could not be routed.
2015-01-23 17:21:05|  11.6|  0.0|STATS |Final Output Nuker(TeeFactory): Cloned 0 input feature(s) into 0 output feature(s)
2015-01-23 17:21:05|  11.6|  0.0|INFORM|=-=-=-=-=-=-=-=-=-=-=-=-=-=-=-=-=-=-=-=-=-=-=-=-=-=-=-=-=-=-=-=-=-=-=-=-=-=-=-
2015-01-23 17:21:05|  11.6|  0.0|INFORM|Feature output statistics for `FFS' writer using keyword `W_1':
2015-01-23 17:21:05|  11.6|  0.0|STATS |=-=-=-=-=-=-=-=-=-=-=-=-=-=-=-=-=-=-=-=-=-=-=-=-=-=-=-=-=-=-=-=-=-=-=-=-=-=-=-
2015-01-23 17:21:05|  11.6|  0.0|STATS |                               Features Written
2015-01-23 17:21:05|  11.6|  0.0|STATS |=-=-=-=-=-=-=-=-=-=-=-=-=-=-=-=-=-=-=-=-=-=-=-=-=-=-=-=-=-=-=-=-=-=-=-=-=-=-=-
2015-01-23 17:21:05|  11.6|  0.0|STATS |==============================================================================
2015-01-23 17:21:05|  11.6|  0.0|STATS |Total Features Written                                                       0
2015-01-23 17:21:05|  11.6|  0.0|STATS |=-=-=-=-=-=-=-=-=-=-=-=-=-=-=-=-=-=-=-=-=-=-=-=-=-=-=-=-=-=-=-=-=-=-=-=-=-=-=-
2015-01-23 17:21:05|  11.6|  0.0|STATS |=-=-=-=-=-=-=-=-=-=-=-=-=-=-=-=-=-=-=-=-=-=-=-=-=-=-=-=-=-=-=-=-=-=-=-=-=-=-=-
2015-01-23 17:21:05|  11.6|  0.0|STATS |                            Features Read Summary
2015-01-23 17:21:05|  11.6|  0.0|STATS |=-=-=-=-=-=-=-=-=-=-=-=-=-=-=-=-=-=-=-=-=-=-=-=-=-=-=-=-=-=-=-=-=-=-=-=-=-=-=-
2015-01-23 17:21:05|  11.6|  0.0|STATS |==============================================================================
2015-01-23 17:21:05|  11.6|  0.0|STATS |Total Features Read                                                          0
2015-01-23 17:21:05|  11.6|  0.0|STATS |=-=-=-=-=-=-=-=-=-=-=-=-=-=-=-=-=-=-=-=-=-=-=-=-=-=-=-=-=-=-=-=-=-=-=-=-=-=-=-
2015-01-23 17:21:05|  11.6|  0.0|STATS |=-=-=-=-=-=-=-=-=-=-=-=-=-=-=-=-=-=-=-=-=-=-=-=-=-=-=-=-=-=-=-=-=-=-=-=-=-=-=-
2015-01-23 17:21:05|  11.6|  0.0|STATS |                           Features Written Summary
2015-01-23 17:21:05|  11.6|  0.0|STATS |=-=-=-=-=-=-=-=-=-=-=-=-=-=-=-=-=-=-=-=-=-=-=-=-=-=-=-=-=-=-=-=-=-=-=-=-=-=-=-
2015-01-23 17:21:05|  11.6|  0.0|STATS |==============================================================================
2015-01-23 17:21:05|  11.6|  0.0|STATS |Total Features Written                                                       0
2015-01-23 17:21:05|  11.6|  0.0|STATS |=-=-=-=-=-=-=-=-=-=-=-=-=-=-=-=-=-=-=-=-=-=-=-=-=-=-=-=-=-=-=-=-=-=-=-=-=-=-=-
2015-01-23 17:21:05|  11.6|  0.0|INFORM|Translation was SUCCESSFUL with 0 warning(s) (0 feature(s) output)
2015-01-23 17:21:05|  11.6|  0.0|INFORM|FME Session Duration: 12.4 seconds. (CPU: 10.9s user, 0.7s system)
2015-01-23 17:21:05|  11.6|  0.0|INFORM|END - ProcessID: 41921, peak process memory usage: 0 kB, current process memory usage: 106096 kB
